app/build/intermediates/manifest_merge_blame_file/release/processReleaseMainManifest/manifest-merger-blame-release-report.txt
1<?xml version="1.0" encoding="utf-8"?>
2<!--
3    Copyright 2019 Google Inc. All Rights Reserved.
4
5     Licensed under the Apache License, Version 2.0 (the "License");
6     you may not use this file except in compliance with the License.
7     You may obtain a copy of the License at
8
9         http://www.apache.org/licenses/LICENSE-2.0
10
11     Unless required by applicable law or agreed to in writing, software
12     distributed under the License is distributed on an "AS IS" BASIS,
13     WITHOUT WARRANTIES OR CONDITIONS OF ANY KIND, either express or implied.
14     See the License for the specific language governing permissions and
15     limitations under the License.
16-->
17<!--
18 The "package" attribute is rewritten by the Gradle build with the value of applicationId.
19     It is still required here, as it is used to derive paths, for instance when referring
20     to an Activity by ".MyActivity" instead of the full name. If more Activities are added to the
21     application, the package attribute will need to reflect the correct path in order to use
22     the abbreviated format.
23-->
24<manifest xmlns:android="http://schemas.android.com/apk/res/android"
25    package="com.fixgo.gestiapremium"
26    android:versionCode="1"
27    android:versionName="1" >
28
29    <uses-sdk
30        android:minSdkVersion="21"
31        android:targetSdkVersion="35" />
32
33    <uses-permission android:name="android.permission.POST_NOTIFICATIONS" />
33-->src\main\AndroidManifest.xml:26:9-80
33-->src\main\AndroidManifest.xml:26:26-78
34    <uses-permission android:name="android.permission.ACCESS_FINE_LOCATION" />
34-->[com.google.androidbrowserhelper:locationdelegation:1.1.2] AndroidManifest.xml:7:5-79
34-->[com.google.androidbrowserhelper:locationdelegation:1.1.2] AndroidManifest.xml:7:22-76
35    <uses-permission android:name="android.permission.ACCESS_COARSE_LOCATION" />
35-->[com.google.androidbrowserhelper:locationdelegation:1.1.2] AndroidManifest.xml:8:5-81
35-->[com.google.androidbrowserhelper:locationdelegation:1.1.2] AndroidManifest.xml:8:22-78
36
37    <queries>
37-->[com.google.androidbrowserhelper:androidbrowserhelper:2.6.2] AndroidManifest.xml:22:5-30:15
38        <intent>
38-->[com.google.androidbrowserhelper:androidbrowserhelper:2.6.2] AndroidManifest.xml:23:9-29:18
39            <action android:name="android.intent.action.VIEW" />
39-->src\main\AndroidManifest.xml:156:17-68
39-->src\main\AndroidManifest.xml:156:25-66
40
41            <category android:name="android.intent.category.BROWSABLE" />
41-->src\main\AndroidManifest.xml:158:17-77
41-->src\main\AndroidManifest.xml:158:27-75
42
43            <data android:scheme="https" />
43-->src\main\AndroidManifest.xml:159:17-162:19
43-->src\main\AndroidManifest.xml:159:23-45
44        </intent>
45    </queries>
46
47    <permission
47-->[androidx.core:core:1.13.0] AndroidManifest.xml:22:5-24:47
48        android:name="com.fixgo.gestiapremium.DYNAMIC_RECEIVER_NOT_EXPORTED_PERMISSION"
48-->[androidx.core:core:1.13.0] AndroidManifest.xml:23:9-81
49        android:protectionLevel="signature" />
49-->[androidx.core:core:1.13.0] AndroidManifest.xml:24:9-44
50
51    <uses-permission android:name="com.fixgo.gestiapremium.DYNAMIC_RECEIVER_NOT_EXPORTED_PERMISSION" />
51-->[androidx.core:core:1.13.0] AndroidManifest.xml:26:5-97
51-->[androidx.core:core:1.13.0] AndroidManifest.xml:26:22-94
52
53    <application
53-->src\main\AndroidManifest.xml:35:5-217:19
54        android:name="com.fixgo.gestiapremium.Application"
54-->src\main\AndroidManifest.xml:36:9-35
55        android:allowBackup="true"
55-->src\main\AndroidManifest.xml:37:9-35
56        android:appComponentFactory="androidx.core.app.CoreComponentFactory"
56-->[androidx.core:core:1.13.0] AndroidManifest.xml:28:18-86
57        android:extractNativeLibs="true"
58        android:icon="@mipmap/ic_launcher"
58-->src\main\AndroidManifest.xml:38:9-43
59        android:label="@string/appName"
59-->src\main\AndroidManifest.xml:39:9-40
60        android:manageSpaceActivity="com.google.androidbrowserhelper.trusted.ManageDataLauncherActivity"
60-->src\main\AndroidManifest.xml:41:9-105
61        android:supportsRtl="true"
61-->src\main\AndroidManifest.xml:43:9-35
62        android:theme="@android:style/Theme.Translucent.NoTitleBar" >
62-->src\main\AndroidManifest.xml:44:9-68
63        <meta-data
63-->src\main\AndroidManifest.xml:46:9-48:58
64            android:name="asset_statements"
64-->src\main\AndroidManifest.xml:47:13-44
65            android:resource="@string/assetStatements" />
65-->src\main\AndroidManifest.xml:48:13-55
66        <meta-data
66-->src\main\AndroidManifest.xml:51:13-53:58
67            android:name="web_manifest_url"
67-->src\main\AndroidManifest.xml:52:17-48
68            android:value="@string/webManifestUrl" />
68-->src\main\AndroidManifest.xml:53:17-55
69        <meta-data
69-->src\main\AndroidManifest.xml:56:9-58:52
70            android:name="twa_generator"
70-->src\main\AndroidManifest.xml:57:13-41
71            android:value="@string/generatorApp" />
71-->src\main\AndroidManifest.xml:58:13-49
72
73        <activity
73-->src\main\AndroidManifest.xml:65:13-76:24
74            android:name="com.google.androidbrowserhelper.trusted.ManageDataLauncherActivity"
74-->src\main\AndroidManifest.xml:65:23-104
75            android:enabled="true"
75-->src\main\AndroidManifest.xml:67:17-39
76            android:excludeFromRecents="true"
76-->src\main\AndroidManifest.xml:68:17-50
77            android:exported="false" >
77-->src\main\AndroidManifest.xml:66:17-41
78            <meta-data
78-->src\main\AndroidManifest.xml:69:17-71:57
79                android:name="android.support.customtabs.trusted.MANAGE_SPACE_URL"
79-->src\main\AndroidManifest.xml:70:21-87
80                android:value="@string/launchUrl" />
80-->src\main\AndroidManifest.xml:71:21-54
81
82            <intent-filter>
82-->src\main\AndroidManifest.xml:72:17-75:33
83                <action android:name="android.intent.action.APPLICATION_PREFERENCES" />
83-->src\main\AndroidManifest.xml:73:21-92
83-->src\main\AndroidManifest.xml:73:29-89
84
85                <category android:name="android.intent.category.DEFAULT" />
85-->src\main\AndroidManifest.xml:74:21-80
85-->src\main\AndroidManifest.xml:74:31-77
86            </intent-filter>
87        </activity>
88        <activity
88-->src\main\AndroidManifest.xml:79:9-175:20
89            android:name="com.fixgo.gestiapremium.LauncherActivity"
89-->src\main\AndroidManifest.xml:79:19-50
90            android:alwaysRetainTaskState="true"
90-->src\main\AndroidManifest.xml:80:13-49
91            android:exported="true"
91-->src\main\AndroidManifest.xml:82:13-36
92            android:label="@string/launcherName" >
92-->src\main\AndroidManifest.xml:81:13-49
93            <meta-data
93-->src\main\AndroidManifest.xml:83:13-84:53
94                android:name="android.support.customtabs.trusted.DEFAULT_URL"
94-->src\main\AndroidManifest.xml:83:24-85
95                android:value="@string/launchUrl" />
95-->src\main\AndroidManifest.xml:84:17-50
96            <meta-data
96-->src\main\AndroidManifest.xml:86:13-88:58
97                android:name="android.support.customtabs.trusted.STATUS_BAR_COLOR"
97-->src\main\AndroidManifest.xml:87:17-83
98                android:resource="@color/colorPrimary" />
98-->src\main\AndroidManifest.xml:88:17-55
99            <meta-data
99-->src\main\AndroidManifest.xml:91:17-93:71
100                android:name="android.support.customtabs.trusted.LAUNCH_HANDLER_CLIENT_MODE"
100-->src\main\AndroidManifest.xml:92:21-97
101                android:value="@string/launchHandlerClientMode" />
101-->src\main\AndroidManifest.xml:93:21-68
102            <meta-data
102-->src\main\AndroidManifest.xml:96:13-98:62
103                android:name="android.support.customtabs.trusted.STATUS_BAR_COLOR_DARK"
103-->src\main\AndroidManifest.xml:97:17-88
104                android:resource="@color/colorPrimaryDark" />
104-->src\main\AndroidManifest.xml:98:17-59
105            <meta-data
105-->src\main\AndroidManifest.xml:100:13-102:61
106                android:name="android.support.customtabs.trusted.NAVIGATION_BAR_COLOR"
106-->src\main\AndroidManifest.xml:101:17-87
107                android:resource="@color/navigationColor" />
107-->src\main\AndroidManifest.xml:102:17-58
108            <meta-data
108-->src\main\AndroidManifest.xml:104:13-106:65
109                android:name="android.support.customtabs.trusted.NAVIGATION_BAR_COLOR_DARK"
109-->src\main\AndroidManifest.xml:105:17-92
110                android:resource="@color/navigationColorDark" />
110-->src\main\AndroidManifest.xml:106:17-62
111            <meta-data
111-->src\main\AndroidManifest.xml:108:13-110:68
112                android:name="androix.browser.trusted.NAVIGATION_BAR_DIVIDER_COLOR"
112-->src\main\AndroidManifest.xml:109:17-84
113                android:resource="@color/navigationDividerColor" />
113-->src\main\AndroidManifest.xml:110:17-65
114            <meta-data
114-->src\main\AndroidManifest.xml:112:13-114:72
115                android:name="androix.browser.trusted.NAVIGATION_BAR_DIVIDER_COLOR_DARK"
115-->src\main\AndroidManifest.xml:113:17-89
116                android:resource="@color/navigationDividerColorDark" />
116-->src\main\AndroidManifest.xml:114:17-69
117            <meta-data
117-->src\main\AndroidManifest.xml:116:13-117:54
118                android:name="android.support.customtabs.trusted.SPLASH_IMAGE_DRAWABLE"
118-->src\main\AndroidManifest.xml:116:24-95
119                android:resource="@drawable/splash" />
119-->src\main\AndroidManifest.xml:117:17-52
120            <meta-data
120-->src\main\AndroidManifest.xml:119:13-120:60
121                android:name="android.support.customtabs.trusted.SPLASH_SCREEN_BACKGROUND_COLOR"
121-->src\main\AndroidManifest.xml:119:24-104
122                android:resource="@color/backgroundColor" />
122-->src\main\AndroidManifest.xml:120:17-58
123            <meta-data
123-->src\main\AndroidManifest.xml:122:13-123:71
124                android:name="android.support.customtabs.trusted.SPLASH_SCREEN_FADE_OUT_DURATION"
124-->src\main\AndroidManifest.xml:122:24-105
125                android:value="@integer/splashScreenFadeOutDuration" />
125-->src\main\AndroidManifest.xml:123:17-69
126            <meta-data
126-->src\main\AndroidManifest.xml:125:13-126:60
127                android:name="android.support.customtabs.trusted.FILE_PROVIDER_AUTHORITY"
127-->src\main\AndroidManifest.xml:125:24-97
128                android:value="@string/providerAuthority" />
128-->src\main\AndroidManifest.xml:126:17-58
129            <meta-data
129-->src\main\AndroidManifest.xml:128:13-97
130                android:name="android.app.shortcuts"
130-->src\main\AndroidManifest.xml:128:24-60
131                android:resource="@xml/shortcuts" />
131-->src\main\AndroidManifest.xml:128:61-94
132            <meta-data
132-->src\main\AndroidManifest.xml:130:13-131:56
133                android:name="android.support.customtabs.trusted.FALLBACK_STRATEGY"
133-->src\main\AndroidManifest.xml:130:24-91
134                android:value="@string/fallbackType" />
134-->src\main\AndroidManifest.xml:131:17-53
135            <meta-data
135-->src\main\AndroidManifest.xml:137:13-138:54
136                android:name="android.support.customtabs.trusted.SCREEN_ORIENTATION"
136-->src\main\AndroidManifest.xml:137:24-92
137                android:value="@string/orientation" />
137-->src\main\AndroidManifest.xml:138:17-52
138            <meta-data
138-->src\main\AndroidManifest.xml:143:17-145:66
139                android:name="android.support.customtabs.trusted.DISPLAY_OVERRIDE"
139-->src\main\AndroidManifest.xml:144:21-87
140                android:resource="@array/display_override" />
140-->src\main\AndroidManifest.xml:145:21-63
141
142            <intent-filter>
142-->src\main\AndroidManifest.xml:150:13-153:29
143                <action android:name="android.intent.action.MAIN" />
143-->src\main\AndroidManifest.xml:151:17-69
143-->src\main\AndroidManifest.xml:151:25-66
144
145                <category android:name="android.intent.category.LAUNCHER" />
145-->src\main\AndroidManifest.xml:152:17-77
145-->src\main\AndroidManifest.xml:152:27-74
146            </intent-filter>
147            <intent-filter android:autoVerify="true" >
147-->src\main\AndroidManifest.xml:155:13-163:29
147-->src\main\AndroidManifest.xml:155:28-53
148                <action android:name="android.intent.action.VIEW" />
148-->src\main\AndroidManifest.xml:156:17-68
148-->src\main\AndroidManifest.xml:156:25-66
149
150                <category android:name="android.intent.category.DEFAULT" />
150-->src\main\AndroidManifest.xml:74:21-80
150-->src\main\AndroidManifest.xml:74:31-77
151                <category android:name="android.intent.category.BROWSABLE" />
151-->src\main\AndroidManifest.xml:158:17-77
151-->src\main\AndroidManifest.xml:158:27-75
152
153                <data
153-->src\main\AndroidManifest.xml:159:17-162:19
154                    android:host="@string/hostName"
154-->src\main\AndroidManifest.xml:160:21-52
155                    android:scheme="https" />
155-->src\main\AndroidManifest.xml:159:23-45
156            </intent-filter>
157            <intent-filter>
157-->src\main\AndroidManifest.xml:168:17-173:27
158                <action android:name="android.intent.action.VIEW" />
158-->src\main\AndroidManifest.xml:156:17-68
158-->src\main\AndroidManifest.xml:156:25-66
159
160                <category android:name="android.intent.category.DEFAULT" />
160-->src\main\AndroidManifest.xml:74:21-80
160-->src\main\AndroidManifest.xml:74:31-77
161                <category android:name="android.intent.category.BROWSABLE" />
161-->src\main\AndroidManifest.xml:158:17-77
161-->src\main\AndroidManifest.xml:158:27-75
162
163                <data android:scheme="web+gestia" />
163-->src\main\AndroidManifest.xml:159:17-162:19
163-->src\main\AndroidManifest.xml:159:23-45
164            </intent-filter>
165        </activity>
166        <activity android:name="com.google.androidbrowserhelper.trusted.FocusActivity" />
166-->src\main\AndroidManifest.xml:177:9-90
166-->src\main\AndroidManifest.xml:177:19-87
167        <activity
167-->src\main\AndroidManifest.xml:179:9-180:62
168            android:name="com.google.androidbrowserhelper.trusted.WebViewFallbackActivity"
168-->src\main\AndroidManifest.xml:179:19-97
169            android:configChanges="orientation|screenSize" />
169-->src\main\AndroidManifest.xml:180:13-59
170
171        <provider
171-->src\main\AndroidManifest.xml:182:9-190:20
172            android:name="androidx.core.content.FileProvider"
172-->src\main\AndroidManifest.xml:183:13-62
173            android:authorities="@string/providerAuthority"
173-->src\main\AndroidManifest.xml:184:13-60
174            android:exported="false"
174-->src\main\AndroidManifest.xml:186:13-37
175            android:grantUriPermissions="true" >
175-->src\main\AndroidManifest.xml:185:13-47
176            <meta-data
176-->src\main\AndroidManifest.xml:187:13-189:53
177                android:name="android.support.FILE_PROVIDER_PATHS"
177-->src\main\AndroidManifest.xml:188:17-67
178                android:resource="@xml/filepaths" />
178-->src\main\AndroidManifest.xml:189:17-50
179        </provider>
180
181        <service
181-->src\main\AndroidManifest.xml:192:9-207:19
182            android:name="com.fixgo.gestiapremium.DelegationService"
182-->src\main\AndroidManifest.xml:193:13-46
183            android:enabled="@bool/enableNotification"
183-->src\main\AndroidManifest.xml:194:13-55
184            android:exported="@bool/enableNotification" >
184-->src\main\AndroidManifest.xml:195:13-56
185            <meta-data
185-->src\main\AndroidManifest.xml:198:17-200:73
186                android:name="android.support.customtabs.trusted.SMALL_ICON"
186-->src\main\AndroidManifest.xml:199:21-81
187                android:resource="@drawable/ic_notification_icon" />
187-->src\main\AndroidManifest.xml:200:21-70
188
189            <intent-filter>
189-->src\main\AndroidManifest.xml:203:13-206:29
190                <action android:name="android.support.customtabs.trusted.TRUSTED_WEB_ACTIVITY_SERVICE" />
190-->src\main\AndroidManifest.xml:204:17-105
190-->src\main\AndroidManifest.xml:204:25-103
191
192                <category android:name="android.intent.category.DEFAULT" />
192-->src\main\AndroidManifest.xml:74:21-80
192-->src\main\AndroidManifest.xml:74:31-77
193            </intent-filter>
194        </service>
195
196        <activity android:name="com.google.androidbrowserhelper.trusted.NotificationPermissionRequestActivity" />
196-->src\main\AndroidManifest.xml:210:13-118
196-->src\main\AndroidManifest.xml:210:23-115
197        <activity android:name="com.google.androidbrowserhelper.locationdelegation.PermissionRequestActivity" />
197-->src\main\AndroidManifest.xml:214:13-215:89
197-->src\main\AndroidManifest.xml:214:23-123
198        <activity
198-->[com.google.android.gms:play-services-base:18.1.0] AndroidManifest.xml:20:9-22:45
199            android:name="com.google.android.gms.common.api.GoogleApiActivity"
199-->[com.google.android.gms:play-services-base:18.1.0] AndroidManifest.xml:20:19-85
200            android:exported="false"
200-->[com.google.android.gms:play-services-base:18.1.0] AndroidManifest.xml:22:19-43
201            android:theme="@android:style/Theme.Translucent.NoTitleBar" />
201-->[com.google.android.gms:play-services-base:18.1.0] AndroidManifest.xml:21:19-78
202
203        <meta-data
203-->[com.google.android.gms:play-services-basement:18.1.0] AndroidManifest.xml:21:9-23:69
204            android:name="com.google.android.gms.version"
204-->[com.google.android.gms:play-services-basement:18.1.0] AndroidManifest.xml:22:13-58
205            android:value="@integer/google_play_services_version" />
205-->[com.google.android.gms:play-services-basement:18.1.0] AndroidManifest.xml:23:13-66
206
207        <provider
207-->[androidx.emoji2:emoji2:1.3.0] AndroidManifest.xml:24:9-32:20
208            android:name="androidx.startup.InitializationProvider"
208-->[androidx.emoji2:emoji2:1.3.0] AndroidManifest.xml:25:13-67
209            android:authorities="com.fixgo.gestiapremium.androidx-startup"
209-->[androidx.emoji2:emoji2:1.3.0] AndroidManifest.xml:26:13-68
210            android:exported="false" >
210-->[androidx.emoji2:emoji2:1.3.0] AndroidManifest.xml:27:13-37
211            <meta-data
211-->[androidx.emoji2:emoji2:1.3.0] AndroidManifest.xml:29:13-31:52
212                android:name="androidx.emoji2.text.EmojiCompatInitializer"
212-->[androidx.emoji2:emoji2:1.3.0] AndroidManifest.xml:30:17-75
213                android:value="androidx.startup" />
213-->[androidx.emoji2:emoji2:1.3.0] AndroidManifest.xml:31:17-49
214            <meta-data
214-->[androidx.lifecycle:lifecycle-process:2.6.2] AndroidManifest.xml:29:13-31:52
215                android:name="androidx.lifecycle.ProcessLifecycleInitializer"
215-->[androidx.lifecycle:lifecycle-process:2.6.2] AndroidManifest.xml:30:17-78
216                android:value="androidx.startup" />
216-->[androidx.lifecycle:lifecycle-process:2.6.2] AndroidManifest.xml:31:17-49
217            <meta-data
217-->[androidx.profileinstaller:profileinstaller:1.3.1] AndroidManifest.xml:29:13-31:52
218                android:name="androidx.profileinstaller.ProfileInstallerInitializer"
218-->[androidx.profileinstaller:profileinstaller:1.3.1] AndroidManifest.xml:30:17-85
219                android:value="androidx.startup" />
219-->[androidx.profileinstaller:profileinstaller:1.3.1] AndroidManifest.xml:31:17-49
220        </provider>
221
222        <receiver
222-->[androidx.profileinstaller:profileinstaller:1.3.1] AndroidManifest.xml:34:9-52:20
223            android:name="androidx.profileinstaller.ProfileInstallReceiver"
223-->[androidx.profileinstaller:profileinstaller:1.3.1] AndroidManifest.xml:35:13-76
224            android:directBootAware="false"
224-->[androidx.profileinstaller:profileinstaller:1.3.1] AndroidManifest.xml:36:13-44
225            android:enabled="true"
225-->[androidx.profileinstaller:profileinstaller:1.3.1] AndroidManifest.xml:37:13-35
226            android:exported="true"
226-->[androidx.profileinstaller:profileinstaller:1.3.1] AndroidManifest.xml:38:13-36
227            android:permission="android.permission.DUMP" >
227-->[androidx.profileinstaller:profileinstaller:1.3.1] AndroidManifest.xml:39:13-57
228            <intent-filter>
228-->[androidx.profileinstaller:profileinstaller:1.3.1] AndroidManifest.xml:40:13-42:29
229                <action android:name="androidx.profileinstaller.action.INSTALL_PROFILE" />
229-->[androidx.profileinstaller:profileinstaller:1.3.1] AndroidManifest.xml:41:17-91
229-->[androidx.profileinstaller:profileinstaller:1.3.1] AndroidManifest.xml:41:25-88
230            </intent-filter>
231            <intent-filter>
231-->[androidx.profileinstaller:profileinstaller:1.3.1] AndroidManifest.xml:43:13-45:29
232                <action android:name="androidx.profileinstaller.action.SKIP_FILE" />
232-->[androidx.profileinstaller:profileinstaller:1.3.1] AndroidManifest.xml:44:17-85
232-->[androidx.profileinstaller:profileinstaller:1.3.1] AndroidManifest.xml:44:25-82
233            </intent-filter>
234            <intent-filter>
234-->[androidx.profileinstaller:profileinstaller:1.3.1] AndroidManifest.xml:46:13-48:29
235                <action android:name="androidx.profileinstaller.action.SAVE_PROFILE" />
235-->[androidx.profileinstaller:profileinstaller:1.3.1] AndroidManifest.xml:47:17-88
235-->[androidx.profileinstaller:profileinstaller:1.3.1] AndroidManifest.xml:47:25-85
236            </intent-filter>
237            <intent-filter>
237-->[androidx.profileinstaller:profileinstaller:1.3.1] AndroidManifest.xml:49:13-51:29
238                <action android:name="androidx.profileinstaller.action.BENCHMARK_OPERATION" />
238-->[androidx.profileinstaller:profileinstaller:1.3.1] AndroidManifest.xml:50:17-95
238-->[androidx.profileinstaller:profileinstaller:1.3.1] AndroidManifest.xml:50:25-92
239            </intent-filter>
240        </receiver>
241    </application>
242
243</manifest>